<?xml version="1.0" encoding="UTF-8"?>
<testng-results ignored="0" total="1" passed="1" failed="0" skipped="0">
  <reporter-output>
  </reporter-output>
  <suite started-at="2022-03-10T15:19:49 IST" name="Default suite" finished-at="2022-03-10T15:19:49 IST" duration-ms="74">
    <groups>
    </groups>
    <test started-at="2022-03-10T15:19:49 IST" name="Default test" finished-at="2022-03-10T15:19:49 IST" duration-ms="74">
      <class name="demogit.Demo">
        <test-method signature="demo()[pri:0, instance:demogit.Demo@6c779568]" started-at="2022-03-10T15:19:49 IST" name="demo" finished-at="2022-03-10T15:19:49 IST" duration-ms="13" status="PASS">
          <reporter-output>
          </reporter-output>
        </test-method> <!-- demo -->
      </class> <!-- demogit.Demo -->
    </test> <!-- Default test -->
  </suite> <!-- Default suite -->
</testng-results>
